<?xml version="1.0" encoding="UTF-8"?>
<!-- Generated by org.testng.reporters.JUnitXMLReporter -->
<testsuite ignored="0" hostname="Adhishs-MacBook-Pro.local" failures="0" tests="3" name="Default test" time="64.218" errors="0" timestamp="2025-07-29T13:15:23 IST">
  <testcase classname="Tests.SubmitOrderTest" name="submitOrder" time="23.699"/>
  <testcase classname="Tests.SubmitOrderTest" name="submitOrder" time="33.934"/>
  <testcase classname="Tests.SubmitOrderTest" name="OrderHistoryTest" time="1.751"/>
</testsuite> <!-- Default test -->
