<?xml version="1.0" encoding="UTF-8"?>
<!-- Generated by org.testng.reporters.JUnitXMLReporter -->
<testsuite ignored="0" hostname="Adhishs-MacBook-Pro.local" failures="1" tests="4" name="=Test2" time="43.902" errors="0" timestamp="2025-07-29T12:46:40 IST">
  <testcase classname="Tests.AppTest" name="testApp" time="0.007"/>
  <testcase classname="Tests.ErrorValidation" name="ProductErrorValidation" time="32.566"/>
  <testcase classname="Tests.ErrorValidation" name="submitOrder" time="0.98">
    <skipped/>
  </testcase> <!-- submitOrder -->
  <testcase classname="Tests.ErrorValidation" name="submitOrder" time="0.941">
    <failure type="java.lang.AssertionError" message="expected [Incorrect email or password.] but found [Incorrect emasil or password.]">
      <![CDATA[java.lang.AssertionError: expected [Incorrect email or password.] but found [Incorrect emasil or password.]
at Tests.ErrorValidation.submitOrder(ErrorValidation.java:35)
at java.base/java.util.ArrayList.forEach(ArrayList.java:1511)
at java.base/java.util.concurrent.FutureTask.run(FutureTask.java:264)
at java.base/java.util.concurrent.ThreadPoolExecutor.runWorker(ThreadPoolExecutor.java:1136)
at java.base/java.util.concurrent.ThreadPoolExecutor$Worker.run(ThreadPoolExecutor.java:635)
at java.base/java.lang.Thread.run(Thread.java:840)
... Removed 23 stack frames]]>
    </failure>
  </testcase> <!-- submitOrder -->
</testsuite> <!-- =Test2 -->
