<?xml version="1.0" encoding="UTF-8"?>
<!-- Generated by org.testng.reporters.JUnitXMLReporter -->
<testsuite ignored="0" hostname="Adhishs-MacBook-Pro.local" failures="0" tests="3" name="Test" time="76.115" errors="0" timestamp="2025-07-29T12:47:11 IST">
  <testcase classname="Tests.SubmitOrderTest" name="submitOrder" time="37.147"/>
  <testcase classname="Tests.SubmitOrderTest" name="submitOrder" time="25.062"/>
  <testcase classname="Tests.SubmitOrderTest" name="OrderHistoryTest" time="6.646"/>
</testsuite> <!-- Test -->
