<?xml version="1.0" encoding="UTF-8"?>
<!-- Generated by org.testng.reporters.JUnitXMLReporter -->
<testsuite ignored="0" hostname="Adhishs-MacBook-Pro.local" failures="1" tests="6" name="Test" time="110.118" errors="0" timestamp="2025-07-29T14:49:44 IST">
  <testcase classname="Tests.SubmitOrderTest" name="submitOrder" time="24.045"/>
  <testcase classname="Tests.SubmitOrderTest" name="submitOrder" time="34.57"/>
  <testcase classname="Tests.SubmitOrderTest" name="OrderHistoryTest" time="1.846"/>
  <testcase classname="Tests.ErrorValidation" name="ProductErrorValidation" time="31.632"/>
  <testcase classname="Tests.ErrorValidation" name="submitOrder" time="2.853">
    <skipped/>
  </testcase> <!-- submitOrder -->
  <testcase classname="Tests.ErrorValidation" name="submitOrder" time="3.043">
    <failure type="java.lang.AssertionError" message="expected [Incorrect email or password.] but found [Incorrect emasil or password.]">
      <![CDATA[java.lang.AssertionError: expected [Incorrect email or password.] but found [Incorrect emasil or password.]
at Tests.ErrorValidation.submitOrder(ErrorValidation.java:35)
at java.base/java.util.ArrayList.forEach(ArrayList.java:1597)
... Removed 35 stack frames]]>
    </failure>
  </testcase> <!-- submitOrder -->
</testsuite> <!-- Test -->
