<?xml version="1.0" encoding="UTF-8"?>
<testsuite xmlns:xsi="http://www.w3.org/2001/XMLSchema-instance" xsi:noNamespaceSchemaLocation="https://maven.apache.org/surefire/maven-surefire-plugin/xsd/surefire-test-report.xsd" version="3.0.2" name="TestSuite" time="110.793" tests="6" errors="0" skipped="1" failures="1">
  <properties>
[...]
</properties>
  <testcase name="submitOrder[{Product=ADIDAS ORIGINAL, password=Adhish@123, email=adhish16singh@gmail.com}](1)" classname="Tests.SubmitOrderTest" time="24.051">
    <system-out><![CDATA[Report path: /Users/adhishgurjar/eclipse-workspace/SeleniumFrameworkDesign/reports/index.html
🔧 @BeforeMethod: setUp() running
🚀 initializeDriver() CALLED
🖥 Browser selected: chrome
🚀 Test started: Tests.SubmitOrderTest.submitOrder
✅ Test STARTED with data: {password=Adhish@123, Product=ADIDAS ORIGINAL, email=adhish16singh@gmail.com}
🌐 launchApplication() CALLED
⚠️ Element click intercepted. Retrying with JS click.
🔎 Checking if product exists in the cart: ADIDAS ORIGINAL
✅ Clicked on Checkout button
🌏 Selecting country: india
✅ Submitting order...
Confirmation message from page: 'THANKYOU FOR THE ORDER.'
✅ Test passed: submitOrder
]]></system-out>
    <system-err><![CDATA[SLF4J(W): No SLF4J providers were found.
SLF4J(W): Defaulting to no-operation (NOP) logger implementation
SLF4J(W): See https://www.slf4j.org/codes.html#noProviders for further details.
]]></system-err>
  </testcase>
  <testcase name="submitOrder[{Product=ZARA COAT 3, password=Adhish@123, email=adhish16singh@gmail.com}](2)" classname="Tests.SubmitOrderTest" time="34.572">
    <system-out><![CDATA[🛑 Closing browser after test...
🔧 @BeforeMethod: setUp() running
🚀 initializeDriver() CALLED
🖥 Browser selected: chrome
🚀 Test started: Tests.SubmitOrderTest.submitOrder
✅ Test STARTED with data: {password=Adhish@123, Product=ZARA COAT 3, email=adhish16singh@gmail.com}
🌐 launchApplication() CALLED
🛒 Navigated to Cart Page
🔎 Checking if product exists in the cart: ZARA COAT 3
✅ Clicked on Checkout button
🌏 Selecting country: india
✅ Submitting order...
Confirmation message from page: 'THANKYOU FOR THE ORDER.'
✅ Test passed: submitOrder
]]></system-out>
  </testcase>
  <testcase name="OrderHistoryTest" classname="Tests.SubmitOrderTest" time="1.846">
    <system-out><![CDATA[🛑 Closing browser after test...
🔧 @BeforeMethod: setUp() running
🚀 initializeDriver() CALLED
🖥 Browser selected: chrome
🚀 Test started: Tests.SubmitOrderTest.OrderHistoryTest
🌐 launchApplication() CALLED
Navigating to Orders Page...
✅ Test passed: OrderHistoryTest
]]></system-out>
  </testcase>
  <testcase name="ProductErrorValidation" classname="Tests.ErrorValidation" time="31.634">
    <system-out><![CDATA[🛑 Closing browser after test...
🔧 @BeforeMethod: setUp() running
🚀 initializeDriver() CALLED
🖥 Browser selected: chrome
🚀 Test started: Tests.ErrorValidation.ProductErrorValidation
🌐 launchApplication() CALLED
🛒 Navigated to Cart Page
🔎 Checking if product exists in the cart: ZARA COAT 3
✅ Test passed: ProductErrorValidation
]]></system-out>
  </testcase>
  <testcase name="submitOrder" classname="Tests.ErrorValidation" time="0.0">
    <skipped message="expected [Incorrect email or password.] but found [Incorrect emasil or password.]"/>
    <system-out><![CDATA[🛑 Closing browser after test...
🔧 @BeforeMethod: setUp() running
🚀 initializeDriver() CALLED
🖥 Browser selected: chrome
🚀 Test started: Tests.ErrorValidation.submitOrder
🌐 launchApplication() CALLED
Retrying submitOrder for 1 time(s).
]]></system-out>
  </testcase>
  <testcase name="submitOrder" classname="Tests.ErrorValidation" time="3.61">
    <failure message="expected [Incorrect email or password.] but found [Incorrect emasil or password.]" type="java.lang.AssertionError"><![CDATA[java.lang.AssertionError: expected [Incorrect email or password.] but found [Incorrect emasil or password.]
	at org.testng.Assert.fail(Assert.java:111)
	at org.testng.Assert.failNotEquals(Assert.java:1590)
	at org.testng.Assert.assertEqualsImpl(Assert.java:150)
	at org.testng.Assert.assertEquals(Assert.java:132)
	at org.testng.Assert.assertEquals(Assert.java:656)
	at org.testng.Assert.assertEquals(Assert.java:666)
	at Tests.ErrorValidation.submitOrder(ErrorValidation.java:35)
	at java.base/jdk.internal.reflect.DirectMethodHandleAccessor.invoke(DirectMethodHandleAccessor.java:103)
	at java.base/java.lang.reflect.Method.invoke(Method.java:580)
	at org.testng.internal.invokers.MethodInvocationHelper.invokeMethod(MethodInvocationHelper.java:141)
	at org.testng.internal.invokers.TestInvoker.invokeMethod(TestInvoker.java:687)
	at org.testng.internal.invokers.TestInvoker.retryFailed(TestInvoker.java:269)
	at org.testng.internal.invokers.MethodRunner.runInSequence(MethodRunner.java:76)
	at org.testng.internal.invokers.TestInvoker$MethodInvocationAgent.invoke(TestInvoker.java:995)
	at org.testng.internal.invokers.TestInvoker.invokeTestMethods(TestInvoker.java:203)
	at org.testng.internal.invokers.TestMethodWorker.invokeTestMethods(TestMethodWorker.java:154)
	at org.testng.internal.invokers.TestMethodWorker.run(TestMethodWorker.java:134)
	at java.base/java.util.ArrayList.forEach(ArrayList.java:1597)
	at org.testng.TestRunner.privateRun(TestRunner.java:741)
	at org.testng.TestRunner.run(TestRunner.java:616)
	at org.testng.SuiteRunner.runTest(SuiteRunner.java:421)
	at org.testng.SuiteRunner.runSequentially(SuiteRunner.java:413)
	at org.testng.SuiteRunner.privateRun(SuiteRunner.java:373)
	at org.testng.SuiteRunner.run(SuiteRunner.java:312)
	at org.testng.SuiteRunnerWorker.runSuite(SuiteRunnerWorker.java:52)
	at org.testng.SuiteRunnerWorker.run(SuiteRunnerWorker.java:95)
	at org.testng.TestNG.runSuitesSequentially(TestNG.java:1274)
	at org.testng.TestNG.runSuitesLocally(TestNG.java:1208)
	at org.testng.TestNG.runSuites(TestNG.java:1112)
	at org.testng.TestNG.run(TestNG.java:1079)
	at org.apache.maven.surefire.testng.TestNGExecutor.run(TestNGExecutor.java:308)
	at org.apache.maven.surefire.testng.TestNGXmlTestSuite.execute(TestNGXmlTestSuite.java:71)
	at org.apache.maven.surefire.testng.TestNGProvider.invoke(TestNGProvider.java:113)
	at org.apache.maven.surefire.booter.ForkedBooter.runSuitesInProcess(ForkedBooter.java:385)
	at org.apache.maven.surefire.booter.ForkedBooter.execute(ForkedBooter.java:162)
	at org.apache.maven.surefire.booter.ForkedBooter.run(ForkedBooter.java:507)
	at org.apache.maven.surefire.booter.ForkedBooter.main(ForkedBooter.java:495)
]]></failure>
    <system-out><![CDATA[🛑 Closing browser after test...
🔧 @BeforeMethod: setUp() running
🚀 initializeDriver() CALLED
🖥 Browser selected: chrome
🚀 Test started: Tests.ErrorValidation.submitOrder
🌐 launchApplication() CALLED
Marking submitOrder as FAILED after retries.
📸 Screenshot captured for failed test: /Users/adhishgurjar/eclipse-workspace/SeleniumFrameworkDesign/reports/submitOrder.png
]]></system-out>
  </testcase>
</testsuite>