<?xml version="1.0" encoding="UTF-8"?>
<testng-results ignored="0" total="3" passed="3" failed="0" skipped="0">
  <reporter-output>
  </reporter-output>
  <suite started-at="2025-07-29T13:14:19 IST" name="Default suite" finished-at="2025-07-29T13:15:23 IST" duration-ms="64218">
    <groups>
      <group name="Purchase">
        <method signature="SubmitOrderTest.submitOrder(java.util.HashMap)[pri:0, instance:Tests.SubmitOrderTest@7f485fda]" name="submitOrder" class="Tests.SubmitOrderTest"/>
      </group> <!-- Purchase -->
    </groups>
    <test started-at="2025-07-29T13:14:19 IST" name="Default test" finished-at="2025-07-29T13:15:23 IST" duration-ms="64218">
      <class name="Tests.SubmitOrderTest">
        <test-method is-config="true" signature="setUp()[pri:0, instance:Tests.SubmitOrderTest@7f485fda]" started-at="2025-07-29T13:14:19 IST" name="setUp" finished-at="2025-07-29T13:14:21 IST" duration-ms="1932" status="PASS">
          <reporter-output>
          </reporter-output>
        </test-method> <!-- setUp -->
        <test-method signature="submitOrder(java.util.HashMap)[pri:0, instance:Tests.SubmitOrderTest@7f485fda]" started-at="2025-07-29T13:14:21 IST" name="submitOrder" data-provider="getData" finished-at="2025-07-29T13:14:45 IST" duration-ms="23699" status="PASS">
          <params>
            <param index="0">
              <value>
                <![CDATA[{Product=ADIDAS ORIGINAL, password=Adhish@123, email=adhish16singh@gmail.com}]]>
              </value>
            </param>
          </params>
          <reporter-output>
          </reporter-output>
        </test-method> <!-- submitOrder -->
        <test-method is-config="true" signature="tearDown()[pri:0, instance:Tests.SubmitOrderTest@7f485fda]" started-at="2025-07-29T13:14:45 IST" name="tearDown" finished-at="2025-07-29T13:14:45 IST" duration-ms="107" status="PASS">
          <reporter-output>
          </reporter-output>
        </test-method> <!-- tearDown -->
        <test-method is-config="true" signature="setUp()[pri:0, instance:Tests.SubmitOrderTest@7f485fda]" started-at="2025-07-29T13:14:45 IST" name="setUp" finished-at="2025-07-29T13:14:46 IST" duration-ms="1204" status="PASS">
          <reporter-output>
          </reporter-output>
        </test-method> <!-- setUp -->
        <test-method signature="submitOrder(java.util.HashMap)[pri:0, instance:Tests.SubmitOrderTest@7f485fda]" started-at="2025-07-29T13:14:46 IST" name="submitOrder" data-provider="getData" finished-at="2025-07-29T13:15:20 IST" duration-ms="33934" status="PASS">
          <params>
            <param index="0">
              <value>
                <![CDATA[{Product=ZARA COAT 3, password=Adhish@123, email=adhish16singh@gmail.com}]]>
              </value>
            </param>
          </params>
          <reporter-output>
          </reporter-output>
        </test-method> <!-- submitOrder -->
        <test-method is-config="true" signature="tearDown()[pri:0, instance:Tests.SubmitOrderTest@7f485fda]" started-at="2025-07-29T13:15:20 IST" name="tearDown" finished-at="2025-07-29T13:15:20 IST" duration-ms="100" status="PASS">
          <reporter-output>
          </reporter-output>
        </test-method> <!-- tearDown -->
        <test-method is-config="true" signature="setUp()[pri:0, instance:Tests.SubmitOrderTest@7f485fda]" started-at="2025-07-29T13:15:20 IST" name="setUp" finished-at="2025-07-29T13:15:22 IST" duration-ms="1227" status="PASS">
          <reporter-output>
          </reporter-output>
        </test-method> <!-- setUp -->
        <test-method signature="OrderHistoryTest()[pri:0, instance:Tests.SubmitOrderTest@7f485fda]" started-at="2025-07-29T13:15:22 IST" name="OrderHistoryTest" finished-at="2025-07-29T13:15:23 IST" depends-on-methods="Tests.SubmitOrderTest.submitOrder" duration-ms="1751" status="PASS">
          <reporter-output>
          </reporter-output>
        </test-method> <!-- OrderHistoryTest -->
        <test-method is-config="true" signature="tearDown()[pri:0, instance:Tests.SubmitOrderTest@7f485fda]" started-at="2025-07-29T13:15:23 IST" name="tearDown" finished-at="2025-07-29T13:15:23 IST" duration-ms="94" status="PASS">
          <reporter-output>
          </reporter-output>
        </test-method> <!-- tearDown -->
      </class> <!-- Tests.SubmitOrderTest -->
    </test> <!-- Default test -->
  </suite> <!-- Default suite -->
</testng-results>
